[22:15:09] [ServerMain/INFO]: Environment: authHost='https://authserver.mojang.com', accountsHost='https://api.mojang.com', sessionHost='https://sessionserver.mojang.com', servicesHost='https://api.minecraftservices.com', name='PROD'
[22:15:12] [ServerMain/INFO]: Loaded 7 recipes
[22:15:13] [Server thread/INFO]: Starting minecraft server version 1.20.1
[22:15:13] [Server thread/INFO]: Loading properties
[22:15:13] [Server thread/INFO]: This server is running Paper version git-Paper-196 (MC: 1.20.1) (Implementing API version 1.20.1-R0.1-SNAPSHOT) (Git: 773dd72)
[22:15:14] [Server thread/INFO]: Server Ping Player Sample Count: 12
[22:15:14] [Server thread/INFO]: Using 4 threads for Netty based IO
[22:15:14] [Server thread/WARN]: [!] The timings profiler has been enabled but has been scheduled for removal from Paper in the future.
    We recommend installing the spark profiler as a replacement: https://spark.lucko.me/
    For more information please visit: https://github.com/PaperMC/Paper/issues/8948
[22:15:14] [Server thread/INFO]: [ChunkTaskScheduler] Chunk system is using 1 I/O threads, 1 worker threads, and gen parallelism of 1 threads
[22:15:14] [Server thread/INFO]: Default game type: SURVIVAL
[22:15:14] [Server thread/INFO]: Generating keypair
[22:15:14] [Server thread/INFO]: Starting Minecraft server on *:25565
[22:15:14] [Server thread/INFO]: Using epoll channel type
[22:15:14] [Server thread/INFO]: Paper: Using libdeflate (Linux x86_64) compression from Velocity.
[22:15:14] [Server thread/INFO]: Paper: Using OpenSSL 1.1.x (Linux x86_64) cipher from Velocity.
[22:15:14] [Server thread/INFO]: Server permissions file permissions.yml is empty, ignoring it
[22:15:14] [Server thread/WARN]: **** SERVER IS RUNNING IN OFFLINE/INSECURE MODE!
[22:15:14] [Server thread/WARN]: The server will make no attempt to authenticate usernames. Beware.
[22:15:14] [Server thread/WARN]: While this makes the game possible to play without internet access, it also opens up the ability for hackers to connect with any username they choose.
[22:15:14] [Server thread/WARN]: To change this, set "online-mode" to "true" in the server.properties file.
[22:15:14] [Server thread/INFO]: Preparing level "world"
[22:15:14] [Server thread/INFO]: -------- World Settings For [world] --------
[22:15:14] [Server thread/INFO]: View Distance: 7
[22:15:14] [Server thread/INFO]: Simulation Distance: 9
[22:15:14] [Server thread/INFO]: Item Merge Radius: 2.5
[22:15:14] [Server thread/INFO]: Experience Merge Radius: 3.0
[22:15:14] [Server thread/INFO]: Mob Spawn Range: 6
[22:15:14] [Server thread/INFO]: Item Despawn Rate: 6000
[22:15:14] [Server thread/INFO]: Arrow Despawn Rate: 1200 Trident Respawn Rate:1200
[22:15:14] [Server thread/INFO]: Zombie Aggressive Towards Villager: true
[22:15:14] [Server thread/INFO]: Nerfing mobs spawned from spawners: false
[22:15:14] [Server thread/INFO]: Allow Zombie Pigmen to spawn from portal blocks: true
[22:15:14] [Server thread/INFO]: Cactus Growth Modifier: 100%
[22:15:14] [Server thread/INFO]: Cane Growth Modifier: 100%
[22:15:14] [Server thread/INFO]: Melon Growth Modifier: 100%
[22:15:14] [Server thread/INFO]: Mushroom Growth Modifier: 100%
[22:15:14] [Server thread/INFO]: Pumpkin Growth Modifier: 100%
[22:15:14] [Server thread/INFO]: Sapling Growth Modifier: 100%
[22:15:14] [Server thread/INFO]: Beetroot Growth Modifier: 100%
[22:15:14] [Server thread/INFO]: Carrot Growth Modifier: 100%
[22:15:14] [Server thread/INFO]: Potato Growth Modifier: 100%
[22:15:14] [Server thread/INFO]: TorchFlower Growth Modifier: 100%
[22:15:14] [Server thread/INFO]: Wheat Growth Modifier: 100%
[22:15:14] [Server thread/INFO]: NetherWart Growth Modifier: 100%
[22:15:14] [Server thread/INFO]: Vine Growth Modifier: 100%
[22:15:14] [Server thread/INFO]: Cocoa Growth Modifier: 100%
[22:15:14] [Server thread/INFO]: Bamboo Growth Modifier: 100%
[22:15:14] [Server thread/INFO]: SweetBerry Growth Modifier: 100%
[22:15:14] [Server thread/INFO]: Kelp Growth Modifier: 100%
[22:15:14] [Server thread/INFO]: TwistingVines Growth Modifier: 100%
[22:15:14] [Server thread/INFO]: WeepingVines Growth Modifier: 100%
[22:15:14] [Server thread/INFO]: CaveVines Growth Modifier: 100%
[22:15:14] [Server thread/INFO]: GlowBerry Growth Modifier: 100%
[22:15:14] [Server thread/INFO]: PitcherPlant Growth Modifier: 100%
[22:15:14] [Server thread/INFO]: Entity Activation Range: An 32 / Mo 32 / Ra 48 / Mi 16 / Tiv true / Isa false
[22:15:14] [Server thread/INFO]: Entity Tracking Range: Pl 48 / An 48 / Mo 48 / Mi 32 / Di 128 / Other 64
[22:15:14] [Server thread/INFO]: Hopper Transfer: 8 Hopper Check: 1 Hopper Amount: 1 Hopper Can Load Chunks: false
[22:15:14] [Server thread/INFO]: Custom Map Seeds:  Village: 10387312 Desert: 14357617 Igloo: 14357618 Jungle: 14357619 Swamp: 14357620 Monument: 10387313 Ocean: 14357621 Shipwreck: 165745295 End City: 10387313 Slime: 987234911 Nether: 30084232 Mansion: 10387319 Fossil: 14357921 Portal: 34222645
[22:15:14] [Server thread/INFO]: Max TNT Explosions: 100
[22:15:14] [Server thread/INFO]: Tile Max Tick Time: 50ms Entity max Tick Time: 50ms
[22:15:15] [Server thread/INFO]: -------- World Settings For [world_nether] --------
[22:15:15] [Server thread/INFO]: View Distance: 7
[22:15:15] [Server thread/INFO]: Simulation Distance: 9
[22:15:15] [Server thread/INFO]: Item Merge Radius: 2.5
[22:15:15] [Server thread/INFO]: Experience Merge Radius: 3.0
[22:15:15] [Server thread/INFO]: Mob Spawn Range: 6
[22:15:15] [Server thread/INFO]: Item Despawn Rate: 6000
[22:15:15] [Server thread/INFO]: Arrow Despawn Rate: 1200 Trident Respawn Rate:1200
[22:15:15] [Server thread/INFO]: Zombie Aggressive Towards Villager: true
[22:15:15] [Server thread/INFO]: Nerfing mobs spawned from spawners: false
[22:15:15] [Server thread/INFO]: Allow Zombie Pigmen to spawn from portal blocks: true
[22:15:15] [Server thread/INFO]: Cactus Growth Modifier: 100%
[22:15:15] [Server thread/INFO]: Cane Growth Modifier: 100%
[22:15:15] [Server thread/INFO]: Melon Growth Modifier: 100%
[22:15:15] [Server thread/INFO]: Mushroom Growth Modifier: 100%
[22:15:15] [Server thread/INFO]: Pumpkin Growth Modifier: 100%
[22:15:15] [Server thread/INFO]: Sapling Growth Modifier: 100%
[22:15:15] [Server thread/INFO]: Beetroot Growth Modifier: 100%
[22:15:15] [Server thread/INFO]: Carrot Growth Modifier: 100%
[22:15:15] [Server thread/INFO]: Potato Growth Modifier: 100%
[22:15:15] [Server thread/INFO]: TorchFlower Growth Modifier: 100%
[22:15:15] [Server thread/INFO]: Wheat Growth Modifier: 100%
[22:15:15] [Server thread/INFO]: NetherWart Growth Modifier: 100%
[22:15:15] [Server thread/INFO]: Vine Growth Modifier: 100%
[22:15:15] [Server thread/INFO]: Cocoa Growth Modifier: 100%
[22:15:15] [Server thread/INFO]: Bamboo Growth Modifier: 100%
[22:15:15] [Server thread/INFO]: SweetBerry Growth Modifier: 100%
[22:15:15] [Server thread/INFO]: Kelp Growth Modifier: 100%
[22:15:15] [Server thread/INFO]: TwistingVines Growth Modifier: 100%
[22:15:15] [Server thread/INFO]: WeepingVines Growth Modifier: 100%
[22:15:15] [Server thread/INFO]: CaveVines Growth Modifier: 100%
[22:15:15] [Server thread/INFO]: GlowBerry Growth Modifier: 100%
[22:15:15] [Server thread/INFO]: PitcherPlant Growth Modifier: 100%
[22:15:15] [Server thread/INFO]: Entity Activation Range: An 32 / Mo 32 / Ra 48 / Mi 16 / Tiv true / Isa false
[22:15:15] [Server thread/INFO]: Entity Tracking Range: Pl 48 / An 48 / Mo 48 / Mi 32 / Di 128 / Other 64
[22:15:15] [Server thread/INFO]: Hopper Transfer: 8 Hopper Check: 1 Hopper Amount: 1 Hopper Can Load Chunks: false
[22:15:15] [Server thread/INFO]: Custom Map Seeds:  Village: 10387312 Desert: 14357617 Igloo: 14357618 Jungle: 14357619 Swamp: 14357620 Monument: 10387313 Ocean: 14357621 Shipwreck: 165745295 End City: 10387313 Slime: 987234911 Nether: 30084232 Mansion: 10387319 Fossil: 14357921 Portal: 34222645
[22:15:15] [Server thread/INFO]: Max TNT Explosions: 100
[22:15:15] [Server thread/INFO]: Tile Max Tick Time: 50ms Entity max Tick Time: 50ms
[22:15:15] [Server thread/INFO]: -------- World Settings For [world_the_end] --------
[22:15:15] [Server thread/INFO]: View Distance: 7
[22:15:15] [Server thread/INFO]: Simulation Distance: 9
[22:15:15] [Server thread/INFO]: Item Merge Radius: 2.5
[22:15:15] [Server thread/INFO]: Experience Merge Radius: 3.0
[22:15:15] [Server thread/INFO]: Mob Spawn Range: 6
[22:15:15] [Server thread/INFO]: Item Despawn Rate: 6000
[22:15:15] [Server thread/INFO]: Arrow Despawn Rate: 1200 Trident Respawn Rate:1200
[22:15:15] [Server thread/INFO]: Zombie Aggressive Towards Villager: true
[22:15:15] [Server thread/INFO]: Nerfing mobs spawned from spawners: false
[22:15:15] [Server thread/INFO]: Allow Zombie Pigmen to spawn from portal blocks: true
[22:15:15] [Server thread/INFO]: Cactus Growth Modifier: 100%
[22:15:15] [Server thread/INFO]: Cane Growth Modifier: 100%
[22:15:15] [Server thread/INFO]: Melon Growth Modifier: 100%
[22:15:15] [Server thread/INFO]: Mushroom Growth Modifier: 100%
[22:15:15] [Server thread/INFO]: Pumpkin Growth Modifier: 100%
[22:15:15] [Server thread/INFO]: Sapling Growth Modifier: 100%
[22:15:15] [Server thread/INFO]: Beetroot Growth Modifier: 100%
[22:15:15] [Server thread/INFO]: Carrot Growth Modifier: 100%
[22:15:15] [Server thread/INFO]: Potato Growth Modifier: 100%
[22:15:15] [Server thread/INFO]: TorchFlower Growth Modifier: 100%
[22:15:15] [Server thread/INFO]: Wheat Growth Modifier: 100%
[22:15:15] [Server thread/INFO]: NetherWart Growth Modifier: 100%
[22:15:15] [Server thread/INFO]: Vine Growth Modifier: 100%
[22:15:15] [Server thread/INFO]: Cocoa Growth Modifier: 100%
[22:15:15] [Server thread/INFO]: Bamboo Growth Modifier: 100%
[22:15:15] [Server thread/INFO]: SweetBerry Growth Modifier: 100%
[22:15:15] [Server thread/INFO]: Kelp Growth Modifier: 100%
[22:15:15] [Server thread/INFO]: TwistingVines Growth Modifier: 100%
[22:15:15] [Server thread/INFO]: WeepingVines Growth Modifier: 100%
[22:15:15] [Server thread/INFO]: CaveVines Growth Modifier: 100%
[22:15:15] [Server thread/INFO]: GlowBerry Growth Modifier: 100%
[22:15:15] [Server thread/INFO]: PitcherPlant Growth Modifier: 100%
[22:15:15] [Server thread/INFO]: Entity Activation Range: An 32 / Mo 32 / Ra 48 / Mi 16 / Tiv true / Isa false
[22:15:15] [Server thread/INFO]: Entity Tracking Range: Pl 48 / An 48 / Mo 48 / Mi 32 / Di 128 / Other 64
[22:15:15] [Server thread/INFO]: Hopper Transfer: 8 Hopper Check: 1 Hopper Amount: 1 Hopper Can Load Chunks: false
[22:15:15] [Server thread/INFO]: Custom Map Seeds:  Village: 10387312 Desert: 14357617 Igloo: 14357618 Jungle: 14357619 Swamp: 14357620 Monument: 10387313 Ocean: 14357621 Shipwreck: 165745295 End City: 10387313 Slime: 987234911 Nether: 30084232 Mansion: 10387319 Fossil: 14357921 Portal: 34222645
[22:15:15] [Server thread/INFO]: Max TNT Explosions: 100
[22:15:15] [Server thread/INFO]: Tile Max Tick Time: 50ms Entity max Tick Time: 50ms
[22:15:15] [Server thread/INFO]: Preparing start region for dimension minecraft:overworld
[22:15:15] [Server thread/INFO]: Time elapsed: 371 ms
[22:15:15] [Server thread/INFO]: Preparing start region for dimension minecraft:the_nether
[22:15:15] [Server thread/INFO]: Time elapsed: 116 ms
[22:15:15] [Server thread/INFO]: Preparing start region for dimension minecraft:the_end
[22:15:16] [Server thread/INFO]: Time elapsed: 71 ms
[22:15:16] [Server thread/INFO]: Running delayed init tasks
[22:15:16] [Server thread/INFO]: Done (3.136s)! For help, type "help"
[22:15:16] [Server thread/INFO]: Timings Reset
[22:15:18] [Server thread/INFO]: Stopping server
[22:15:18] [Server thread/INFO]: Saving players
[22:15:18] [Server thread/INFO]: Saving worlds
[22:15:18] [Server thread/INFO]: Saving chunks for level 'ServerLevel[world]'/minecraft:overworld
[22:15:18] [Server thread/INFO]: [ChunkHolderManager] Waiting 60s for chunk system to halt for world 'world'
[22:15:18] [Server thread/INFO]: [ChunkHolderManager] Halted chunk system for world 'world'
[22:15:18] [Server thread/INFO]: [ChunkHolderManager] Saving all chunkholders for world 'world'
[22:15:18] [Server console handler/ERROR]: Caught previously unhandled exception :
java.io.IOError: java.io.IOException: Input/output error
	at org.jline.keymap.BindingReader.readCharacter(BindingReader.java:170) ~[jline-reader-3.20.0.jar:?]
	at org.jline.keymap.BindingReader.readBinding(BindingReader.java:110) ~[jline-reader-3.20.0.jar:?]
	at org.jline.keymap.BindingReader.readBinding(BindingReader.java:61) ~[jline-reader-3.20.0.jar:?]
	at org.jline.reader.impl.LineReaderImpl.doReadBinding(LineReaderImpl.java:923) ~[jline-reader-3.20.0.jar:?]
	at org.jline.reader.impl.LineReaderImpl.readBinding(LineReaderImpl.java:956) ~[jline-reader-3.20.0.jar:?]
	at org.jline.reader.impl.LineReaderImpl.readLine(LineReaderImpl.java:651) ~[jline-reader-3.20.0.jar:?]
	at org.jline.reader.impl.LineReaderImpl.readLine(LineReaderImpl.java:468) ~[jline-reader-3.20.0.jar:?]
	at net.minecrell.terminalconsole.SimpleTerminalConsole.readCommands(SimpleTerminalConsole.java:158) ~[terminalconsoleappender-1.3.0.jar:?]
	at net.minecrell.terminalconsole.SimpleTerminalConsole.start(SimpleTerminalConsole.java:141) ~[terminalconsoleappender-1.3.0.jar:?]
	at net.minecraft.server.dedicated.DedicatedServer$1.run(DedicatedServer.java:102) ~[paper-1.20.1.jar:git-Paper-196]
Caused by: java.io.IOException: Input/output error
	at java.io.FileInputStream.read0(Native Method) ~[?:?]
	at java.io.FileInputStream.read(FileInputStream.java:231) ~[?:?]
	at org.jline.terminal.impl.AbstractPty$PtyInputStream.read(AbstractPty.java:73) ~[jline-terminal-3.21.0.jar:?]
	at org.jline.utils.NonBlockingInputStream.read(NonBlockingInputStream.java:62) ~[jline-terminal-3.21.0.jar:?]
	at org.jline.utils.NonBlocking$NonBlockingInputStreamReader.read(NonBlocking.java:168) ~[jline-terminal-3.21.0.jar:?]
	at org.jline.utils.NonBlockingReader.read(NonBlockingReader.java:57) ~[jline-terminal-3.21.0.jar:?]
	at org.jline.keymap.BindingReader.readCharacter(BindingReader.java:160) ~[jline-reader-3.20.0.jar:?]
	... 9 more
[22:15:19] [Server thread/INFO]: [ChunkHolderManager] Saved 156 block chunks, 156 entity chunks, 0 poi chunks in world 'world' in 0.70s
[22:15:19] [Server thread/INFO]: ThreadedAnvilChunkStorage (world): All chunks are saved
[22:15:19] [Server thread/INFO]: Saving chunks for level 'ServerLevel[world_nether]'/minecraft:the_nether
[22:15:19] [Server thread/INFO]: [ChunkHolderManager] Waiting 60s for chunk system to halt for world 'world_nether'
[22:15:19] [Server thread/INFO]: [ChunkHolderManager] Halted chunk system for world 'world_nether'
[22:15:19] [Server thread/INFO]: [ChunkHolderManager] Saving all chunkholders for world 'world_nether'
[22:15:19] [Server thread/INFO]: [ChunkHolderManager] Saved 153 block chunks, 153 entity chunks, 0 poi chunks in world 'world_nether' in 0.28s
[22:15:19] [Server thread/INFO]: ThreadedAnvilChunkStorage (DIM-1): All chunks are saved
[22:15:19] [Server thread/INFO]: Saving chunks for level 'ServerLevel[world_the_end]'/minecraft:the_end
[22:15:19] [Server thread/INFO]: [ChunkHolderManager] Waiting 60s for chunk system to halt for world 'world_the_end'
[22:15:19] [Server thread/INFO]: [ChunkHolderManager] Halted chunk system for world 'world_the_end'
[22:15:19] [Server thread/INFO]: [ChunkHolderManager] Saving all chunkholders for world 'world_the_end'
[22:15:20] [Server thread/INFO]: [ChunkHolderManager] Saved 323 block chunks, 323 entity chunks, 0 poi chunks in world 'world_the_end' in 0.22s
[22:15:20] [Server thread/INFO]: ThreadedAnvilChunkStorage (DIM1): All chunks are saved
[22:15:20] [Server thread/INFO]: ThreadedAnvilChunkStorage: All dimensions are saved
[22:15:20] [Server thread/INFO]: Flushing Chunk IO
[22:15:20] [Server thread/INFO]: Closing Thread Pool
[22:15:22] [Server thread/INFO]: Closing Server
